{
  "RSpec": {
    "coverage": {
      "/opt/movie-api/test/controllers/v1/movies_controller_test.rb": {
        "lines": [
          1,
          null,
          1,
          1,
          0,
          null,
          null,
          1,
          0,
          0,
          null,
          null,
          1,
          0,
          0,
          null,
          null,
          1,
          0,
          0,
          null,
          null,
          1,
          null,
          0,
          0,
          null,
          0,
          0,
          null,
          0,
          0,
          null,
          null,
          1,
          null,
          0,
          0,
          null,
          0,
          0,
          null,
          null,
          1,
          0,
          0,
          null,
          null,
          1,
          0,
          0,
          0,
          0,
          null,
          null,
          1,
          0,
          0,
          0,
          0,
          0,
          null,
          null,
          1,
          0,
          0,
          0,
          0,
          0,
          null,
          null,
          1,
          null,
          1,
          null,
          0,
          null,
          null,
          null,
          null,
          null,
          null,
          null
        ]
      },
      "/opt/movie-api/test/models/movie_test.rb": {
        "lines": [
          1,
          null,
          1,
          1,
          0,
          0,
          null,
          null,
          1,
          0,
          0,
          0,
          null,
          null,
          1,
          0,
          0,
          0,
          null,
          null,
          1,
          0,
          0,
          0,
          null,
          null,
          1,
          0,
          0,
          0,
          null,
          null,
          1,
          0,
          0,
          0,
          null,
          null,
          1,
          0,
          0,
          0,
          null,
          null,
          1,
          0,
          0,
          0,
          null,
          null,
          1,
          0,
          0,
          0,
          null,
          null,
          1,
          0,
          0,
          0,
          null,
          null,
          1,
          0,
          0,
          0,
          null,
          null,
          1,
          0,
          0,
          0,
          null,
          null,
          1,
          0,
          0,
          0,
          null,
          null,
          1,
          0,
          0,
          0,
          null,
          null,
          1,
          0,
          0,
          0,
          null,
          null,
          1,
          0,
          0,
          0,
          null,
          null,
          1,
          0,
          0,
          0,
          null,
          null,
          1,
          0,
          0,
          0,
          null,
          null,
          1,
          0,
          0,
          0,
          null,
          null,
          1,
          0,
          0,
          0,
          0,
          null,
          null,
          1,
          0,
          0,
          0,
          null,
          null,
          1,
          0,
          0,
          0,
          0,
          null,
          null,
          1,
          0,
          0,
          0,
          null,
          null,
          1,
          0,
          0,
          0,
          null,
          null,
          1,
          0,
          0,
          0,
          null,
          null,
          1,
          0,
          0,
          0,
          null,
          null,
          1,
          0,
          0,
          0,
          null,
          null,
          1,
          0,
          0,
          0,
          0,
          0,
          0,
          0,
          0,
          null,
          null
        ]
      }
    },
    "timestamp": 1628483652
  },
  "RSpec-3": {
    "coverage": {
      "/opt/movie-api/test/controllers/v1/movies_controller_test.rb": {
        "lines": [
          0,
          null,
          0,
          0,
          2,
          null,
          null,
          0,
          0,
          0,
          null,
          null,
          0,
          0,
          0,
          null,
          null,
          0,
          0,
          0,
          null,
          null,
          0,
          null,
          0,
          0,
          null,
          0,
          0,
          null,
          0,
          0,
          null,
          null,
          0,
          null,
          0,
          0,
          null,
          0,
          0,
          null,
          null,
          0,
          0,
          0,
          null,
          null,
          0,
          1,
          1,
          1,
          1,
          null,
          null,
          0,
          1,
          1,
          1,
          1,
          1,
          null,
          null,
          0,
          0,
          0,
          0,
          0,
          0,
          null,
          null,
          0,
          null,
          0,
          null,
          1,
          null,
          null,
          null,
          null,
          null,
          null,
          null
        ]
      },
      "/opt/movie-api/test/models/movie_test.rb": {
        "lines": [
          0,
          null,
          0,
          0,
          0,
          0,
          null,
          null,
          0,
          0,
          0,
          0,
          null,
          null,
          0,
          0,
          0,
          0,
          null,
          null,
          0,
          0,
          0,
          0,
          null,
          null,
          0,
          0,
          0,
          0,
          null,
          null,
          0,
          0,
          0,
          0,
          null,
          null,
          0,
          0,
          0,
          0,
          null,
          null,
          0,
          0,
          0,
          0,
          null,
          null,
          0,
          1,
          1,
          1,
          null,
          null,
          0,
          0,
          0,
          0,
          null,
          null,
          0,
          1,
          1,
          1,
          null,
          null,
          0,
          0,
          0,
          0,
          null,
          null,
          0,
          1,
          1,
          1,
          null,
          null,
          0,
          0,
          0,
          0,
          null,
          null,
          0,
          0,
          0,
          0,
          null,
          null,
          0,
          0,
          0,
          0,
          null,
          null,
          0,
          0,
          0,
          0,
          null,
          null,
          0,
          0,
          0,
          0,
          null,
          null,
          0,
          0,
          0,
          0,
          null,
          null,
          0,
          0,
          0,
          0,
          0,
          null,
          null,
          0,
          1,
          1,
          1,
          null,
          null,
          0,
          0,
          0,
          0,
          0,
          null,
          null,
          0,
          0,
          0,
          0,
          null,
          null,
          0,
          0,
          0,
          0,
          null,
          null,
          0,
          0,
          0,
          0,
          null,
          null,
          0,
          0,
          0,
          0,
          null,
          null,
          0,
          0,
          0,
          0,
          null,
          null,
          0,
          4,
          4,
          4,
          4,
          4,
          4,
          4,
          4,
          null,
          null
        ]
      },
      "/opt/movie-api/app/models/movie.rb": {
        "lines": [
          1,
          1,
          1,
          1,
          null,
          null,
          1,
          null,
          null,
          1,
          null,
          null,
          1,
          null,
          null,
          null,
          1,
          null,
          7,
          7,
          null,
          null
        ]
      },
      "/opt/movie-api/app/models/application_record.rb": {
        "lines": [
          1,
          1,
          null
        ]
      },
      "/opt/movie-api/app/clients/open_movie_db.rb": {
        "lines": [
          1,
          1,
          0,
          0,
          0,
          null,
          null,
          1,
          null,
          1,
          0,
          null,
          0,
          0,
          0,
          0,
          0,
          0,
          null,
          null,
          null,
          null,
          null,
          0,
          null,
          0,
          null,
          null,
          null,
          1,
          0,
          null,
          0,
          0,
          0,
          null,
          null,
          null
        ]
      },
      "/opt/movie-api/app/controllers/v1/movies_controller.rb": {
        "lines": [
          1,
          1,
          1,
          1,
          null,
          1,
          1,
          1,
          1,
          1,
          0,
          null,
          1,
          null,
          null,
          null,
          1,
          1,
          1,
          1,
          1,
          1,
          null,
          0,
          null,
          null,
          null,
          1,
          0,
          0,
          null,
          null,
          1,
          0,
          0,
          0,
          0,
          0,
          null,
          null,
          1,
          1,
          1,
          null,
          null,
          1,
          null,
          1,
          1,
          null,
          null,
          null,
          1,
          1,
          null,
          null,
          null,
          1,
          1,
          null,
          null,
          1,
          0,
          0,
          null,
          0,
          0,
          null,
          0,
          null,
          null
        ]
      },
      "/opt/movie-api/app/controllers/application_controller.rb": {
        "lines": [
          1,
          1,
          null,
          null,
          1,
          0,
          0,
          null,
          null
        ]
      }
    },
    "timestamp": 1628483652
  },
  "RSpec-2": {
    "coverage": {
      "/opt/movie-api/test/controllers/v1/movies_controller_test.rb": {
        "lines": [
          0,
          null,
          0,
          0,
          1,
          null,
          null,
          0,
          0,
          0,
          null,
          null,
          0,
          0,
          0,
          null,
          null,
          0,
          0,
          0,
          null,
          null,
          0,
          null,
          1,
          1,
          null,
          1,
          1,
          null,
          1,
          1,
          null,
          null,
          0,
          null,
          0,
          0,
          null,
          0,
          0,
          null,
          null,
          0,
          0,
          0,
          null,
          null,
          0,
          0,
          0,
          0,
          0,
          null,
          null,
          0,
          0,
          0,
          0,
          0,
          0,
          null,
          null,
          0,
          0,
          0,
          0,
          0,
          0,
          null,
          null,
          0,
          null,
          0,
          null,
          0,
          null,
          null,
          null,
          null,
          null,
          null,
          null
        ]
      },
      "/opt/movie-api/test/models/movie_test.rb": {
        "lines": [
          0,
          null,
          0,
          0,
          0,
          0,
          null,
          null,
          0,
          0,
          0,
          0,
          null,
          null,
          0,
          0,
          0,
          0,
          null,
          null,
          0,
          0,
          0,
          0,
          null,
          null,
          0,
          0,
          0,
          0,
          null,
          null,
          0,
          0,
          0,
          0,
          null,
          null,
          0,
          0,
          0,
          0,
          null,
          null,
          0,
          0,
          0,
          0,
          null,
          null,
          0,
          0,
          0,
          0,
          null,
          null,
          0,
          0,
          0,
          0,
          null,
          null,
          0,
          0,
          0,
          0,
          null,
          null,
          0,
          0,
          0,
          0,
          null,
          null,
          0,
          0,
          0,
          0,
          null,
          null,
          0,
          0,
          0,
          0,
          null,
          null,
          0,
          0,
          0,
          0,
          null,
          null,
          0,
          0,
          0,
          0,
          null,
          null,
          0,
          0,
          0,
          0,
          null,
          null,
          0,
          1,
          1,
          1,
          null,
          null,
          0,
          1,
          1,
          1,
          null,
          null,
          0,
          0,
          0,
          0,
          0,
          null,
          null,
          0,
          0,
          0,
          0,
          null,
          null,
          0,
          0,
          0,
          0,
          0,
          null,
          null,
          0,
          0,
          0,
          0,
          null,
          null,
          0,
          0,
          0,
          0,
          null,
          null,
          0,
          0,
          0,
          0,
          null,
          null,
          0,
          0,
          0,
          0,
          null,
          null,
          0,
          1,
          1,
          1,
          null,
          null,
          0,
          3,
          3,
          3,
          3,
          3,
          3,
          3,
          3,
          null,
          null
        ]
      },
      "/opt/movie-api/app/models/movie.rb": {
        "lines": [
          1,
          1,
          1,
          1,
          null,
          null,
          1,
          null,
          null,
          1,
          null,
          null,
          1,
          null,
          null,
          null,
          1,
          null,
          5,
          5,
          null,
          null
        ]
      },
      "/opt/movie-api/app/models/application_record.rb": {
        "lines": [
          1,
          1,
          null
        ]
      },
      "/opt/movie-api/app/clients/open_movie_db.rb": {
        "lines": [
          1,
          1,
          0,
          0,
          0,
          null,
          null,
          1,
          null,
          1,
          0,
          null,
          0,
          0,
          0,
          0,
          0,
          0,
          null,
          null,
          null,
          null,
          null,
          0,
          null,
          0,
          null,
          null,
          null,
          1,
          0,
          null,
          0,
          0,
          0,
          null,
          null,
          null
        ]
      },
      "/opt/movie-api/app/controllers/v1/movies_controller.rb": {
        "lines": [
          1,
          1,
          1,
          1,
          null,
          1,
          1,
          0,
          0,
          0,
          0,
          null,
          0,
          null,
          null,
          null,
          1,
          0,
          0,
          0,
          0,
          0,
          null,
          0,
          null,
          null,
          null,
          1,
          1,
          1,
          null,
          null,
          1,
          0,
          0,
          0,
          0,
          0,
          null,
          null,
          1,
          2,
          1,
          null,
          null,
          1,
          null,
          1,
          0,
          null,
          null,
          null,
          1,
          0,
          null,
          null,
          null,
          1,
          0,
          null,
          null,
          1,
          0,
          0,
          null,
          0,
          0,
          null,
          0,
          null,
          null
        ]
      },
      "/opt/movie-api/app/controllers/application_controller.rb": {
        "lines": [
          1,
          1,
          null,
          null,
          1,
          1,
          1,
          null,
          null
        ]
      }
    },
    "timestamp": 1628483652
  },
  "RSpec-4": {
    "coverage": {
      "/opt/movie-api/test/controllers/v1/movies_controller_test.rb": {
        "lines": [
          0,
          null,
          0,
          0,
          2,
          null,
          null,
          0,
          0,
          0,
          null,
          null,
          0,
          0,
          0,
          null,
          null,
          0,
          1,
          1,
          null,
          null,
          0,
          null,
          0,
          0,
          null,
          0,
          0,
          null,
          0,
          0,
          null,
          null,
          0,
          null,
          0,
          0,
          null,
          0,
          0,
          null,
          null,
          0,
          0,
          0,
          null,
          null,
          0,
          0,
          0,
          0,
          0,
          null,
          null,
          0,
          0,
          0,
          0,
          0,
          0,
          null,
          null,
          0,
          1,
          1,
          1,
          1,
          1,
          null,
          null,
          0,
          null,
          0,
          null,
          0,
          null,
          null,
          null,
          null,
          null,
          null,
          null
        ]
      },
      "/opt/movie-api/test/models/movie_test.rb": {
        "lines": [
          0,
          null,
          0,
          0,
          0,
          0,
          null,
          null,
          0,
          1,
          1,
          1,
          null,
          null,
          0,
          0,
          0,
          0,
          null,
          null,
          0,
          0,
          0,
          0,
          null,
          null,
          0,
          0,
          0,
          0,
          null,
          null,
          0,
          0,
          0,
          0,
          null,
          null,
          0,
          0,
          0,
          0,
          null,
          null,
          0,
          0,
          0,
          0,
          null,
          null,
          0,
          0,
          0,
          0,
          null,
          null,
          0,
          0,
          0,
          0,
          null,
          null,
          0,
          0,
          0,
          0,
          null,
          null,
          0,
          0,
          0,
          0,
          null,
          null,
          0,
          0,
          0,
          0,
          null,
          null,
          0,
          0,
          0,
          0,
          null,
          null,
          0,
          0,
          0,
          0,
          null,
          null,
          0,
          0,
          0,
          0,
          null,
          null,
          0,
          0,
          0,
          0,
          null,
          null,
          0,
          0,
          0,
          0,
          null,
          null,
          0,
          0,
          0,
          0,
          null,
          null,
          0,
          0,
          0,
          0,
          0,
          null,
          null,
          0,
          0,
          0,
          0,
          null,
          null,
          0,
          0,
          0,
          0,
          0,
          null,
          null,
          0,
          1,
          1,
          1,
          null,
          null,
          0,
          1,
          1,
          1,
          null,
          null,
          0,
          0,
          0,
          0,
          null,
          null,
          0,
          0,
          0,
          0,
          null,
          null,
          0,
          0,
          0,
          0,
          null,
          null,
          0,
          3,
          3,
          3,
          3,
          3,
          3,
          3,
          3,
          null,
          null
        ]
      },
      "/opt/movie-api/app/models/movie.rb": {
        "lines": [
          1,
          1,
          1,
          1,
          null,
          null,
          1,
          null,
          null,
          1,
          null,
          null,
          1,
          null,
          null,
          null,
          1,
          null,
          5,
          5,
          null,
          null
        ]
      },
      "/opt/movie-api/app/models/application_record.rb": {
        "lines": [
          1,
          1,
          null
        ]
      },
      "/opt/movie-api/app/clients/open_movie_db.rb": {
        "lines": [
          1,
          1,
          0,
          0,
          0,
          null,
          null,
          1,
          null,
          1,
          0,
          null,
          0,
          0,
          0,
          0,
          0,
          0,
          null,
          null,
          null,
          null,
          null,
          0,
          null,
          0,
          null,
          null,
          null,
          1,
          0,
          null,
          0,
          0,
          0,
          null,
          null,
          null
        ]
      },
      "/opt/movie-api/app/controllers/v1/movies_controller.rb": {
        "lines": [
          1,
          1,
          1,
          1,
          null,
          1,
          1,
          0,
          0,
          0,
          0,
          null,
          0,
          null,
          null,
          null,
          1,
          1,
          1,
          1,
          1,
          0,
          null,
          1,
          null,
          null,
          null,
          1,
          0,
          0,
          null,
          null,
          1,
          0,
          0,
          0,
          0,
          0,
          null,
          null,
          1,
          2,
          1,
          null,
          null,
          1,
          null,
          1,
          1,
          null,
          null,
          null,
          1,
          0,
          null,
          null,
          null,
          1,
          1,
          null,
          null,
          1,
          0,
          0,
          null,
          0,
          0,
          null,
          0,
          null,
          null
        ]
      },
      "/opt/movie-api/app/controllers/application_controller.rb": {
        "lines": [
          1,
          1,
          null,
          null,
          1,
          1,
          1,
          null,
          null
        ]
      }
    },
    "timestamp": 1628483652
  },
  "RSpec-0": {
    "coverage": {
      "/opt/movie-api/test/controllers/v1/movies_controller_test.rb": {
        "lines": [
          0,
          null,
          0,
          0,
          2,
          null,
          null,
          0,
          0,
          0,
          null,
          null,
          0,
          1,
          1,
          null,
          null,
          0,
          0,
          0,
          null,
          null,
          0,
          null,
          0,
          0,
          null,
          0,
          0,
          null,
          0,
          0,
          null,
          null,
          0,
          null,
          1,
          1,
          null,
          1,
          1,
          null,
          null,
          0,
          0,
          0,
          null,
          null,
          0,
          0,
          0,
          0,
          0,
          null,
          null,
          0,
          0,
          0,
          0,
          0,
          0,
          null,
          null,
          0,
          0,
          0,
          0,
          0,
          0,
          null,
          null,
          0,
          null,
          0,
          null,
          0,
          null,
          null,
          null,
          null,
          null,
          null,
          null
        ]
      },
      "/opt/movie-api/test/models/movie_test.rb": {
        "lines": [
          0,
          null,
          0,
          0,
          0,
          0,
          null,
          null,
          0,
          0,
          0,
          0,
          null,
          null,
          0,
          1,
          1,
          1,
          null,
          null,
          0,
          1,
          1,
          1,
          null,
          null,
          0,
          0,
          0,
          0,
          null,
          null,
          0,
          0,
          0,
          0,
          null,
          null,
          0,
          1,
          1,
          1,
          null,
          null,
          0,
          0,
          0,
          0,
          null,
          null,
          0,
          0,
          0,
          0,
          null,
          null,
          0,
          1,
          1,
          1,
          null,
          null,
          0,
          0,
          0,
          0,
          null,
          null,
          0,
          1,
          1,
          1,
          null,
          null,
          0,
          0,
          0,
          0,
          null,
          null,
          0,
          1,
          1,
          1,
          null,
          null,
          0,
          1,
          1,
          1,
          null,
          null,
          0,
          1,
          1,
          1,
          null,
          null,
          0,
          0,
          0,
          0,
          null,
          null,
          0,
          0,
          0,
          0,
          null,
          null,
          0,
          0,
          0,
          0,
          null,
          null,
          0,
          1,
          1,
          1,
          1,
          null,
          null,
          0,
          0,
          0,
          0,
          null,
          null,
          0,
          0,
          0,
          0,
          0,
          null,
          null,
          0,
          0,
          0,
          0,
          null,
          null,
          0,
          0,
          0,
          0,
          null,
          null,
          0,
          0,
          0,
          0,
          null,
          null,
          0,
          0,
          0,
          0,
          null,
          null,
          0,
          0,
          0,
          0,
          null,
          null,
          0,
          9,
          9,
          9,
          9,
          9,
          9,
          9,
          9,
          null,
          null
        ]
      },
      "/opt/movie-api/app/models/movie.rb": {
        "lines": [
          1,
          1,
          1,
          1,
          null,
          null,
          1,
          null,
          null,
          1,
          null,
          null,
          1,
          null,
          null,
          null,
          1,
          null,
          10,
          10,
          null,
          null
        ]
      },
      "/opt/movie-api/app/models/application_record.rb": {
        "lines": [
          1,
          1,
          null
        ]
      },
      "/opt/movie-api/app/clients/open_movie_db.rb": {
        "lines": [
          1,
          1,
          0,
          0,
          0,
          null,
          null,
          1,
          null,
          1,
          0,
          null,
          0,
          0,
          0,
          0,
          0,
          0,
          null,
          null,
          null,
          null,
          null,
          0,
          null,
          0,
          null,
          null,
          null,
          1,
          0,
          null,
          0,
          0,
          0,
          null,
          null,
          null
        ]
      },
      "/opt/movie-api/app/controllers/v1/movies_controller.rb": {
        "lines": [
          1,
          1,
          1,
          1,
          null,
          1,
          1,
          0,
          0,
          0,
          0,
          null,
          0,
          null,
          null,
          null,
          1,
          0,
          0,
          0,
          0,
          0,
          null,
          0,
          null,
          null,
          null,
          1,
          1,
          1,
          null,
          null,
          1,
          0,
          0,
          0,
          0,
          0,
          null,
          null,
          1,
          2,
          1,
          null,
          null,
          1,
          null,
          1,
          0,
          null,
          null,
          null,
          1,
          0,
          null,
          null,
          null,
          1,
          0,
          null,
          null,
          1,
          0,
          0,
          null,
          0,
          0,
          null,
          0,
          null,
          null
        ]
      },
      "/opt/movie-api/app/controllers/application_controller.rb": {
        "lines": [
          1,
          1,
          null,
          null,
          1,
          1,
          1,
          null,
          null
        ]
      }
    },
    "timestamp": 1628483652
  },
  "RSpec-5": {
    "coverage": {
      "/opt/movie-api/test/controllers/v1/movies_controller_test.rb": {
        "lines": [
          0,
          null,
          0,
          0,
          1,
          null,
          null,
          0,
          0,
          0,
          null,
          null,
          0,
          0,
          0,
          null,
          null,
          0,
          0,
          0,
          null,
          null,
          0,
          null,
          0,
          0,
          null,
          0,
          0,
          null,
          0,
          0,
          null,
          null,
          0,
          null,
          0,
          0,
          null,
          0,
          0,
          null,
          null,
          0,
          1,
          1,
          null,
          null,
          0,
          0,
          0,
          0,
          0,
          null,
          null,
          0,
          0,
          0,
          0,
          0,
          0,
          null,
          null,
          0,
          0,
          0,
          0,
          0,
          0,
          null,
          null,
          0,
          null,
          0,
          null,
          1,
          null,
          null,
          null,
          null,
          null,
          null,
          null
        ]
      },
      "/opt/movie-api/test/models/movie_test.rb": {
        "lines": [
          0,
          null,
          0,
          0,
          0,
          0,
          null,
          null,
          0,
          0,
          0,
          0,
          null,
          null,
          0,
          0,
          0,
          0,
          null,
          null,
          0,
          0,
          0,
          0,
          null,
          null,
          0,
          0,
          0,
          0,
          null,
          null,
          0,
          1,
          1,
          1,
          null,
          null,
          0,
          0,
          0,
          0,
          null,
          null,
          0,
          0,
          0,
          0,
          null,
          null,
          0,
          0,
          0,
          0,
          null,
          null,
          0,
          0,
          0,
          0,
          null,
          null,
          0,
          0,
          0,
          0,
          null,
          null,
          0,
          0,
          0,
          0,
          null,
          null,
          0,
          0,
          0,
          0,
          null,
          null,
          0,
          0,
          0,
          0,
          null,
          null,
          0,
          0,
          0,
          0,
          null,
          null,
          0,
          0,
          0,
          0,
          null,
          null,
          0,
          0,
          0,
          0,
          null,
          null,
          0,
          0,
          0,
          0,
          null,
          null,
          0,
          0,
          0,
          0,
          null,
          null,
          0,
          0,
          0,
          0,
          0,
          null,
          null,
          0,
          0,
          0,
          0,
          null,
          null,
          0,
          1,
          1,
          1,
          1,
          null,
          null,
          0,
          0,
          0,
          0,
          null,
          null,
          0,
          0,
          0,
          0,
          null,
          null,
          0,
          0,
          0,
          0,
          null,
          null,
          0,
          1,
          1,
          1,
          null,
          null,
          0,
          0,
          0,
          0,
          null,
          null,
          0,
          3,
          3,
          3,
          3,
          3,
          3,
          3,
          3,
          null,
          null
        ]
      },
      "/opt/movie-api/app/models/movie.rb": {
        "lines": [
          1,
          1,
          1,
          1,
          null,
          null,
          1,
          null,
          null,
          1,
          null,
          null,
          1,
          null,
          null,
          null,
          1,
          null,
          5,
          5,
          null,
          null
        ]
      },
      "/opt/movie-api/app/models/application_record.rb": {
        "lines": [
          1,
          1,
          null
        ]
      },
      "/opt/movie-api/app/clients/open_movie_db.rb": {
        "lines": [
          1,
          1,
          0,
          0,
          0,
          null,
          null,
          1,
          null,
          1,
          0,
          null,
          0,
          0,
          0,
          0,
          0,
          0,
          null,
          null,
          null,
          null,
          null,
          0,
          null,
          0,
          null,
          null,
          null,
          1,
          0,
          null,
          0,
          0,
          0,
          null,
          null,
          null
        ]
      },
      "/opt/movie-api/app/controllers/v1/movies_controller.rb": {
        "lines": [
          1,
          1,
          1,
          1,
          null,
          1,
          1,
          1,
          1,
          1,
          1,
          null,
          0,
          null,
          null,
          null,
          1,
          0,
          0,
          0,
          0,
          0,
          null,
          0,
          null,
          null,
          null,
          1,
          0,
          0,
          null,
          null,
          1,
          0,
          0,
          0,
          0,
          0,
          null,
          null,
          1,
          0,
          0,
          null,
          null,
          1,
          null,
          1,
          0,
          null,
          null,
          null,
          1,
          1,
          null,
          null,
          null,
          1,
          0,
          null,
          null,
          1,
          0,
          0,
          null,
          0,
          0,
          null,
          0,
          null,
          null
        ]
      },
      "/opt/movie-api/app/controllers/application_controller.rb": {
        "lines": [
          1,
          1,
          null,
          null,
          1,
          0,
          0,
          null,
          null
        ]
      }
    },
    "timestamp": 1628483652
  },
  "RSpec-1": {
    "coverage": {
      "/opt/movie-api/test/controllers/v1/movies_controller_test.rb": {
        "lines": [
          0,
          null,
          0,
          0,
          1,
          null,
          null,
          0,
          1,
          1,
          null,
          null,
          0,
          0,
          0,
          null,
          null,
          0,
          0,
          0,
          null,
          null,
          0,
          null,
          0,
          0,
          null,
          0,
          0,
          null,
          0,
          0,
          null,
          null,
          0,
          null,
          0,
          0,
          null,
          0,
          0,
          null,
          null,
          0,
          0,
          0,
          null,
          null,
          0,
          0,
          0,
          0,
          0,
          null,
          null,
          0,
          0,
          0,
          0,
          0,
          0,
          null,
          null,
          0,
          0,
          0,
          0,
          0,
          0,
          null,
          null,
          0,
          null,
          0,
          null,
          0,
          null,
          null,
          null,
          null,
          null,
          null,
          null
        ]
      },
      "/opt/movie-api/test/models/movie_test.rb": {
        "lines": [
          0,
          null,
          0,
          0,
          1,
          1,
          null,
          null,
          0,
          0,
          0,
          0,
          null,
          null,
          0,
          0,
          0,
          0,
          null,
          null,
          0,
          0,
          0,
          0,
          null,
          null,
          0,
          1,
          1,
          1,
          null,
          null,
          0,
          0,
          0,
          0,
          null,
          null,
          0,
          0,
          0,
          0,
          null,
          null,
          0,
          1,
          1,
          1,
          null,
          null,
          0,
          0,
          0,
          0,
          null,
          null,
          0,
          0,
          0,
          0,
          null,
          null,
          0,
          0,
          0,
          0,
          null,
          null,
          0,
          0,
          0,
          0,
          null,
          null,
          0,
          0,
          0,
          0,
          null,
          null,
          0,
          0,
          0,
          0,
          null,
          null,
          0,
          0,
          0,
          0,
          null,
          null,
          0,
          0,
          0,
          0,
          null,
          null,
          0,
          1,
          1,
          1,
          null,
          null,
          0,
          0,
          0,
          0,
          null,
          null,
          0,
          0,
          0,
          0,
          null,
          null,
          0,
          0,
          0,
          0,
          0,
          null,
          null,
          0,
          0,
          0,
          0,
          null,
          null,
          0,
          0,
          0,
          0,
          0,
          null,
          null,
          0,
          0,
          0,
          0,
          null,
          null,
          0,
          0,
          0,
          0,
          null,
          null,
          0,
          1,
          1,
          1,
          null,
          null,
          0,
          0,
          0,
          0,
          null,
          null,
          0,
          0,
          0,
          0,
          null,
          null,
          0,
          5,
          5,
          5,
          5,
          5,
          5,
          5,
          5,
          null,
          null
        ]
      },
      "/opt/movie-api/app/models/movie.rb": {
        "lines": [
          1,
          1,
          1,
          1,
          null,
          null,
          1,
          null,
          null,
          1,
          null,
          null,
          1,
          null,
          null,
          null,
          1,
          null,
          5,
          5,
          null,
          null
        ]
      },
      "/opt/movie-api/app/models/application_record.rb": {
        "lines": [
          1,
          1,
          null
        ]
      },
      "/opt/movie-api/app/clients/open_movie_db.rb": {
        "lines": [
          1,
          1,
          0,
          0,
          0,
          null,
          null,
          1,
          null,
          1,
          0,
          null,
          0,
          0,
          0,
          0,
          0,
          0,
          null,
          null,
          null,
          null,
          null,
          0,
          null,
          0,
          null,
          null,
          null,
          1,
          0,
          null,
          0,
          0,
          0,
          null,
          null,
          null
        ]
      },
      "/opt/movie-api/app/controllers/v1/movies_controller.rb": {
        "lines": [
          1,
          1,
          1,
          1,
          null,
          1,
          1,
          0,
          0,
          0,
          0,
          null,
          0,
          null,
          null,
          null,
          1,
          0,
          0,
          0,
          0,
          0,
          null,
          0,
          null,
          null,
          null,
          1,
          0,
          0,
          null,
          null,
          1,
          1,
          1,
          1,
          1,
          1,
          null,
          null,
          1,
          0,
          0,
          null,
          null,
          1,
          null,
          1,
          0,
          null,
          null,
          null,
          1,
          0,
          null,
          null,
          null,
          1,
          0,
          null,
          null,
          1,
          1,
          1,
          null,
          1,
          1,
          null,
          1,
          null,
          null
        ]
      },
      "/opt/movie-api/app/controllers/application_controller.rb": {
        "lines": [
          1,
          1,
          null,
          null,
          1,
          0,
          0,
          null,
          null
        ]
      }
    },
    "timestamp": 1628483652
  }
}
